{"/home/nahu/Documents/argentinaPrograma/pokedex/src/ui/pokemon.js": {"path":"/home/nahu/Documents/argentinaPrograma/pokedex/src/ui/pokemon.js","statementMap":{"0":{"start":{"line":7,"column":2},"end":{"line":7,"column":47}},"1":{"start":{"line":11,"column":2},"end":{"line":21,"column":5}},"2":{"start":{"line":12,"column":4},"end":{"line":12,"column":32}},"3":{"start":{"line":13,"column":4},"end":{"line":13,"column":121}},"4":{"start":{"line":14,"column":4},"end":{"line":14,"column":42}},"5":{"start":{"line":15,"column":4},"end":{"line":15,"column":71}},"6":{"start":{"line":16,"column":4},"end":{"line":16,"column":37}},"7":{"start":{"line":18,"column":4},"end":{"line":18,"column":44}},"8":{"start":{"line":19,"column":4},"end":{"line":19,"column":45}},"9":{"start":{"line":20,"column":4},"end":{"line":20,"column":35}},"10":{"start":{"line":25,"column":23},"end":{"line":25,"column":45}},"11":{"start":{"line":27,"column":2},"end":{"line":27,"column":42}},"12":{"start":{"line":29,"column":15},"end":{"line":29,"column":54}},"13":{"start":{"line":30,"column":23},"end":{"line":30,"column":63}},"14":{"start":{"line":31,"column":26},"end":{"line":31,"column":77}},"15":{"start":{"line":32,"column":18},"end":{"line":32,"column":67}},"16":{"start":{"line":33,"column":18},"end":{"line":33,"column":67}},"17":{"start":{"line":34,"column":19},"end":{"line":34,"column":69}},"18":{"start":{"line":35,"column":21},"end":{"line":35,"column":67}},"19":{"start":{"line":36,"column":21},"end":{"line":36,"column":66}},"20":{"start":{"line":37,"column":17},"end":{"line":37,"column":58}},"21":{"start":{"line":39,"column":2},"end":{"line":39,"column":39}},"22":{"start":{"line":40,"column":2},"end":{"line":40,"column":37}},"23":{"start":{"line":42,"column":2},"end":{"line":42,"column":61}},"24":{"start":{"line":44,"column":2},"end":{"line":46,"column":5}},"25":{"start":{"line":45,"column":4},"end":{"line":45,"column":129}},"26":{"start":{"line":48,"column":2},"end":{"line":48,"column":44}},"27":{"start":{"line":49,"column":2},"end":{"line":49,"column":71}},"28":{"start":{"line":50,"column":2},"end":{"line":50,"column":60}},"29":{"start":{"line":52,"column":2},"end":{"line":54,"column":5}},"30":{"start":{"line":53,"column":4},"end":{"line":53,"column":99}},"31":{"start":{"line":56,"column":2},"end":{"line":58,"column":5}},"32":{"start":{"line":57,"column":4},"end":{"line":57,"column":98}},"33":{"start":{"line":60,"column":2},"end":{"line":62,"column":5}},"34":{"start":{"line":61,"column":4},"end":{"line":61,"column":128}},"35":{"start":{"line":63,"column":2},"end":{"line":63,"column":119}},"36":{"start":{"line":65,"column":2},"end":{"line":65,"column":25}},"37":{"start":{"line":69,"column":2},"end":{"line":79,"column":5}},"38":{"start":{"line":70,"column":4},"end":{"line":70,"column":47}},"39":{"start":{"line":71,"column":4},"end":{"line":71,"column":42}},"40":{"start":{"line":72,"column":4},"end":{"line":72,"column":32}},"41":{"start":{"line":73,"column":4},"end":{"line":73,"column":34}},"42":{"start":{"line":74,"column":4},"end":{"line":74,"column":33}},"43":{"start":{"line":75,"column":4},"end":{"line":75,"column":73}},"44":{"start":{"line":76,"column":4},"end":{"line":76,"column":38}},"45":{"start":{"line":77,"column":4},"end":{"line":77,"column":117}},"46":{"start":{"line":78,"column":4},"end":{"line":78,"column":20}}},"fnMap":{"0":{"name":"renderCard","decl":{"start":{"line":6,"column":9},"end":{"line":6,"column":19}},"loc":{"start":{"line":6,"column":27},"end":{"line":8,"column":1}},"line":6},"1":{"name":"closeCard","decl":{"start":{"line":10,"column":9},"end":{"line":10,"column":18}},"loc":{"start":{"line":10,"column":26},"end":{"line":22,"column":1}},"line":10},"2":{"name":"(anonymous_2)","decl":{"start":{"line":11,"column":35},"end":{"line":11,"column":36}},"loc":{"start":{"line":11,"column":41},"end":{"line":21,"column":3}},"line":11},"3":{"name":"createCardPokemon","decl":{"start":{"line":24,"column":9},"end":{"line":24,"column":26}},"loc":{"start":{"line":24,"column":61},"end":{"line":66,"column":1}},"line":24},"4":{"name":"(anonymous_4)","decl":{"start":{"line":44,"column":28},"end":{"line":44,"column":29}},"loc":{"start":{"line":44,"column":38},"end":{"line":46,"column":3}},"line":44},"5":{"name":"(anonymous_5)","decl":{"start":{"line":52,"column":32},"end":{"line":52,"column":33}},"loc":{"start":{"line":52,"column":46},"end":{"line":54,"column":3}},"line":52},"6":{"name":"(anonymous_6)","decl":{"start":{"line":56,"column":32},"end":{"line":56,"column":33}},"loc":{"start":{"line":56,"column":45},"end":{"line":58,"column":3}},"line":56},"7":{"name":"(anonymous_7)","decl":{"start":{"line":60,"column":28},"end":{"line":60,"column":29}},"loc":{"start":{"line":60,"column":38},"end":{"line":62,"column":3}},"line":60},"8":{"name":"listenClickInCard","decl":{"start":{"line":68,"column":9},"end":{"line":68,"column":26}},"loc":{"start":{"line":68,"column":34},"end":{"line":80,"column":1}},"line":68},"9":{"name":"(anonymous_9)","decl":{"start":{"line":69,"column":23},"end":{"line":69,"column":24}},"loc":{"start":{"line":69,"column":35},"end":{"line":79,"column":3}},"line":69}},"branchMap":{},"s":{"0":1,"1":1,"2":1,"3":1,"4":1,"5":1,"6":1,"7":1,"8":1,"9":1,"10":1,"11":1,"12":1,"13":1,"14":1,"15":1,"16":1,"17":1,"18":1,"19":1,"20":1,"21":1,"22":1,"23":1,"24":1,"25":2,"26":1,"27":1,"28":1,"29":1,"30":2,"31":1,"32":2,"33":1,"34":2,"35":1,"36":1,"37":1,"38":1,"39":1,"40":1,"41":1,"42":1,"43":1,"44":1,"45":1,"46":1},"f":{"0":1,"1":1,"2":1,"3":1,"4":2,"5":2,"6":2,"7":2,"8":1,"9":1},"b":{},"_coverageSchema":"1a1c01bbd47fc00a2c39e90264f33305004495a9","hash":"567ad43e77d12052b9431bfb5c58a07d3c379638"}
,"/home/nahu/Documents/argentinaPrograma/pokedex/src/utilities/utilities.js": {"path":"/home/nahu/Documents/argentinaPrograma/pokedex/src/utilities/utilities.js","statementMap":{"0":{"start":{"line":2,"column":18},"end":{"line":2,"column":19}},"1":{"start":{"line":3,"column":2},"end":{"line":5,"column":5}},"2":{"start":{"line":4,"column":4},"end":{"line":4,"column":43}},"3":{"start":{"line":6,"column":2},"end":{"line":6,"column":19}},"4":{"start":{"line":10,"column":25},"end":{"line":10,"column":42}},"5":{"start":{"line":12,"column":2},"end":{"line":16,"column":3}},"6":{"start":{"line":13,"column":22},"end":{"line":13,"column":48}},"7":{"start":{"line":14,"column":23},"end":{"line":14,"column":49}},"8":{"start":{"line":15,"column":4},"end":{"line":15,"column":40}},"9":{"start":{"line":17,"column":2},"end":{"line":21,"column":3}},"10":{"start":{"line":18,"column":22},"end":{"line":18,"column":48}},"11":{"start":{"line":19,"column":23},"end":{"line":19,"column":49}},"12":{"start":{"line":20,"column":4},"end":{"line":20,"column":40}},"13":{"start":{"line":22,"column":2},"end":{"line":26,"column":3}},"14":{"start":{"line":23,"column":22},"end":{"line":23,"column":48}},"15":{"start":{"line":24,"column":23},"end":{"line":24,"column":49}},"16":{"start":{"line":25,"column":4},"end":{"line":25,"column":40}},"17":{"start":{"line":27,"column":2},"end":{"line":31,"column":3}},"18":{"start":{"line":28,"column":22},"end":{"line":28,"column":48}},"19":{"start":{"line":29,"column":23},"end":{"line":29,"column":49}},"20":{"start":{"line":30,"column":4},"end":{"line":30,"column":40}},"21":{"start":{"line":32,"column":2},"end":{"line":36,"column":3}},"22":{"start":{"line":33,"column":22},"end":{"line":33,"column":48}},"23":{"start":{"line":34,"column":23},"end":{"line":34,"column":49}},"24":{"start":{"line":35,"column":4},"end":{"line":35,"column":40}},"25":{"start":{"line":37,"column":2},"end":{"line":40,"column":3}},"26":{"start":{"line":38,"column":22},"end":{"line":38,"column":48}},"27":{"start":{"line":39,"column":4},"end":{"line":39,"column":33}},"28":{"start":{"line":44,"column":2},"end":{"line":44,"column":58}}},"fnMap":{"0":{"name":"calculateTotalStat","decl":{"start":{"line":1,"column":9},"end":{"line":1,"column":27}},"loc":{"start":{"line":1,"column":40},"end":{"line":7,"column":1}},"line":1},"1":{"name":"(anonymous_1)","decl":{"start":{"line":3,"column":21},"end":{"line":3,"column":22}},"loc":{"start":{"line":3,"column":31},"end":{"line":5,"column":3}},"line":3},"2":{"name":"convertHectogramToKilogram","decl":{"start":{"line":9,"column":9},"end":{"line":9,"column":35}},"loc":{"start":{"line":9,"column":44},"end":{"line":41,"column":1}},"line":9},"3":{"name":"capitalizeFirstLetter","decl":{"start":{"line":43,"column":9},"end":{"line":43,"column":30}},"loc":{"start":{"line":43,"column":39},"end":{"line":45,"column":1}},"line":43}},"branchMap":{"0":{"loc":{"start":{"line":12,"column":2},"end":{"line":16,"column":3}},"type":"if","locations":[{"start":{"line":12,"column":2},"end":{"line":16,"column":3}},{"start":{},"end":{}}],"line":12},"1":{"loc":{"start":{"line":17,"column":2},"end":{"line":21,"column":3}},"type":"if","locations":[{"start":{"line":17,"column":2},"end":{"line":21,"column":3}},{"start":{},"end":{}}],"line":17},"2":{"loc":{"start":{"line":22,"column":2},"end":{"line":26,"column":3}},"type":"if","locations":[{"start":{"line":22,"column":2},"end":{"line":26,"column":3}},{"start":{},"end":{}}],"line":22},"3":{"loc":{"start":{"line":27,"column":2},"end":{"line":31,"column":3}},"type":"if","locations":[{"start":{"line":27,"column":2},"end":{"line":31,"column":3}},{"start":{},"end":{}}],"line":27},"4":{"loc":{"start":{"line":32,"column":2},"end":{"line":36,"column":3}},"type":"if","locations":[{"start":{"line":32,"column":2},"end":{"line":36,"column":3}},{"start":{},"end":{}}],"line":32},"5":{"loc":{"start":{"line":37,"column":2},"end":{"line":40,"column":3}},"type":"if","locations":[{"start":{"line":37,"column":2},"end":{"line":40,"column":3}},{"start":{},"end":{}}],"line":37}},"s":{"0":3,"1":3,"2":6,"3":3,"4":8,"5":8,"6":1,"7":1,"8":1,"9":7,"10":1,"11":1,"12":1,"13":6,"14":1,"15":1,"16":1,"17":5,"18":3,"19":3,"20":3,"21":2,"22":1,"23":1,"24":1,"25":1,"26":1,"27":1,"28":21},"f":{"0":3,"1":6,"2":8,"3":21},"b":{"0":[1,7],"1":[1,6],"2":[1,5],"3":[3,2],"4":[1,1],"5":[1,0]},"_coverageSchema":"1a1c01bbd47fc00a2c39e90264f33305004495a9","hash":"09de19be2eb29ffc3d5eef114ed12484aeca3031"}
,"/home/nahu/Documents/argentinaPrograma/pokedex/src/validations/validations.js": {"path":"/home/nahu/Documents/argentinaPrograma/pokedex/src/validations/validations.js","statementMap":{"0":{"start":{"line":2,"column":29},"end":{"line":2,"column":34}},"1":{"start":{"line":3,"column":2},"end":{"line":3,"column":40}}},"fnMap":{"0":{"name":"checkPokemonHasSpecie","decl":{"start":{"line":1,"column":9},"end":{"line":1,"column":30}},"loc":{"start":{"line":1,"column":42},"end":{"line":4,"column":1}},"line":1}},"branchMap":{},"s":{"0":2,"1":2},"f":{"0":2},"b":{},"_coverageSchema":"1a1c01bbd47fc00a2c39e90264f33305004495a9","hash":"de593468fde5b86abc4e9e1abf3a351dde00243f"}
}
