TN:
SF:src/ui/pokemon.js
FN:6,renderCard
FN:10,closeCard
FN:11,(anonymous_2)
FN:24,createCardPokemon
FN:44,(anonymous_4)
FN:52,(anonymous_5)
FN:56,(anonymous_6)
FN:60,(anonymous_7)
FN:68,listenClickInCard
FN:69,(anonymous_9)
FNF:10
FNH:10
FNDA:1,renderCard
FNDA:1,closeCard
FNDA:1,(anonymous_2)
FNDA:1,createCardPokemon
FNDA:2,(anonymous_4)
FNDA:2,(anonymous_5)
FNDA:2,(anonymous_6)
FNDA:2,(anonymous_7)
FNDA:1,listenClickInCard
FNDA:1,(anonymous_9)
DA:7,1
DA:11,1
DA:12,1
DA:13,1
DA:14,1
DA:15,1
DA:16,1
DA:18,1
DA:19,1
DA:20,1
DA:25,1
DA:27,1
DA:29,1
DA:30,1
DA:31,1
DA:32,1
DA:33,1
DA:34,1
DA:35,1
DA:36,1
DA:37,1
DA:39,1
DA:40,1
DA:42,1
DA:44,1
DA:45,2
DA:48,1
DA:49,1
DA:50,1
DA:52,1
DA:53,2
DA:56,1
DA:57,2
DA:60,1
DA:61,2
DA:63,1
DA:65,1
DA:69,1
DA:70,1
DA:71,1
DA:72,1
DA:73,1
DA:74,1
DA:75,1
DA:76,1
DA:77,1
DA:78,1
LF:47
LH:47
BRF:0
BRH:0
end_of_record
TN:
SF:src/utilities/utilities.js
FN:1,calculateTotalStat
FN:3,(anonymous_1)
FN:9,convertHectogramToKilogram
FN:43,capitalizeFirstLetter
FNF:4
FNH:4
FNDA:3,calculateTotalStat
FNDA:6,(anonymous_1)
FNDA:8,convertHectogramToKilogram
FNDA:21,capitalizeFirstLetter
DA:2,3
DA:3,3
DA:4,6
DA:6,3
DA:10,8
DA:12,8
DA:13,1
DA:14,1
DA:15,1
DA:17,7
DA:18,1
DA:19,1
DA:20,1
DA:22,6
DA:23,1
DA:24,1
DA:25,1
DA:27,5
DA:28,3
DA:29,3
DA:30,3
DA:32,2
DA:33,1
DA:34,1
DA:35,1
DA:37,1
DA:38,1
DA:39,1
DA:44,21
LF:29
LH:29
BRDA:12,0,0,1
BRDA:12,0,1,7
BRDA:17,1,0,1
BRDA:17,1,1,6
BRDA:22,2,0,1
BRDA:22,2,1,5
BRDA:27,3,0,3
BRDA:27,3,1,2
BRDA:32,4,0,1
BRDA:32,4,1,1
BRDA:37,5,0,1
BRDA:37,5,1,0
BRF:12
BRH:11
end_of_record
TN:
SF:src/validations/validations.js
FN:1,checkPokemonHasSpecie
FNF:1
FNH:1
FNDA:2,checkPokemonHasSpecie
DA:2,2
DA:3,2
LF:2
LH:2
BRF:0
BRH:0
end_of_record
