TN:
SF:src/utilities/utilities.js
FN:1,calculateTotalStat
FN:3,(anonymous_1)
FN:9,convertHectogramToKilogram
FN:43,capitalizeFirstLetter
FNF:4
FNH:4
FNDA:1,calculateTotalStat
FNDA:2,(anonymous_1)
FNDA:6,convertHectogramToKilogram
FNDA:1,capitalizeFirstLetter
DA:2,1
DA:3,1
DA:4,2
DA:6,1
DA:10,6
DA:12,6
DA:13,1
DA:14,1
DA:15,1
DA:17,5
DA:18,1
DA:19,1
DA:20,1
DA:22,4
DA:23,1
DA:24,1
DA:25,1
DA:27,3
DA:28,1
DA:29,1
DA:30,1
DA:32,2
DA:33,1
DA:34,1
DA:35,1
DA:37,1
DA:38,1
DA:39,1
DA:44,1
LF:29
LH:29
BRDA:12,0,0,1
BRDA:12,0,1,5
BRDA:17,1,0,1
BRDA:17,1,1,4
BRDA:22,2,0,1
BRDA:22,2,1,3
BRDA:27,3,0,1
BRDA:27,3,1,2
BRDA:32,4,0,1
BRDA:32,4,1,1
BRDA:37,5,0,1
BRDA:37,5,1,0
BRF:12
BRH:11
end_of_record
TN:
SF:src/validations/validations.js
FN:1,checkPokemonHasSpecie
FNF:1
FNH:1
FNDA:2,checkPokemonHasSpecie
DA:2,2
DA:3,2
LF:2
LH:2
BRF:0
BRH:0
end_of_record
